Arguments: 
  C:\Program Files\nodejs\node.exe C:\Program Files (x86)\Yarn\bin\yarn.js

PATH: 
  C:\WINDOWS\system32;C:\WINDOWS;C:\WINDOWS\System32\Wbem;C:\WINDOWS\System32\WindowsPowerShell\v1.0\;C:\WINDOWS\System32\OpenSSH\;C:\Program Files\dotnet\;C:\Program Files\Microsoft SQL Server\130\Tools\Binn\;C:\Program Files\Microsoft SQL Server\Client SDK\ODBC\170\Tools\Binn\;C:\java\jdk-12.0.2\bin;C:\Program Files (x86)\Yarn\bin\;C:\Program Files\Git\cmd;C:\Program Files\Docker\Docker\resources\bin;C:\ProgramData\DockerDesktop\version-bin;C:\Program Files\nodejs\;C:\Users\ohad\AppData\Local\Microsoft\WindowsApps;C:\Users\ohad\AppData\Local\Programs\Microsoft VS Code\bin;C:\java\jdk-12.0.2\bin;C:\Users\ohad\AppData\Local\Yarn\bin;C:\Program Files (x86)\Nmap;C:\Users\ohad\AppData\Local\gitkraken\bin;C:\Users\ohad\AppData\Local\Programs\EmEditor;C:\Users\ohad\AppData\Local\Microsoft\WindowsApps;C:\Users\ohad\AppData\Roaming\npm

Yarn version: 
  1.22.4

Node version: 
  14.17.5

Platform: 
  win32 x64

Trace: 
  Error: getaddrinfo ENOTFOUND registry.yarnpkg.com
      at GetAddrInfoReqWrap.onlookup [as oncomplete] (dns.js:69:26)

npm manifest: 
  {
    "name": "face-hackathon",
    "version": "0.0.0",
    "scripts": {
      "start": "vite",
      "build": "tsc && vite build",
      "serve": "vite preview"
    },
    "dependencies": {
      "@firebase/app": "^0.7.7",
      "firebase": "^9.4.0",
      "react": "^17.0.0",
      "react-d3-cloud": "^1.0.5",
      "react-dom": "^17.0.0",
      "react-dropzone": "^11.4.2",
      "react-router": "^6.0.2",
      "react-router-dom": "^6.0.2",
      "semantic-ui-css": "^2.4.1",
      "semantic-ui-react": "^2.0.4"
    },
    "devDependencies": {
      "@types/react": "^17.0.0",
      "@types/react-dom": "^17.0.0",
      "@types/react-router": "^5.1.17",
      "@types/react-router-dom": "^5.3.2",
      "@vitejs/plugin-react": "^1.0.0",
      "typescript": "^4.3.2",
      "vite": "^2.6.4"
    }
  }

yarn manifest: 
  No manifest

Lockfile: 
  No lockfile
